#
# There is insufficient memory for the Java Runtime Environment to continue.
# Native memory allocation (malloc) failed to allocate 32744 bytes. Error detail: ChunkPool::allocate
# Possible reasons:
#   The system is out of physical RAM or swap space
#   This process is running with CompressedOops enabled, and the Java Heap may be blocking the growth of the native heap
# Possible solutions:
#   Reduce memory load on the system
#   Increase physical memory or swap space
#   Check if swap backing store is full
#   Decrease Java heap size (-Xmx/-Xms)
#   Decrease number of Java threads
#   Decrease Java thread stack sizes (-Xss)
#   Set larger code cache with -XX:ReservedCodeCacheSize=
#   JVM is running with Unscaled Compressed Oops mode in which the Java heap is
#     placed in the first 4GB address space. The Java Heap base address is the
#     maximum limit for the native heap growth. Please use -XX:HeapBaseMinAddress
#     to set the Java Heap base and to place the Java Heap above 4GB virtual address.
# This output file may be truncated or incomplete.
#
#  Out of Memory Error (arena.cpp:79), pid=13204, tid=8264
#
# JRE version: OpenJDK Runtime Environment Microsoft-9388408 (17.0.11+9) (build 17.0.11+9-LTS)
# Java VM: OpenJDK 64-Bit Server VM Microsoft-9388408 (17.0.11+9-LTS, mixed mode, sharing, tiered, compressed oops, compressed class ptrs, g1 gc, windows-amd64)
# No core dump will be written. Minidumps are not enabled by default on client versions of Windows
#

---------------  S U M M A R Y ------------

Command Line: -Xmx64m -Xms64m -Dorg.gradle.appname=gradlew org.gradle.wrapper.GradleWrapperMain app:installDebug -PreactNativeDevServerPort=8081

Host: Intel(R) Core(TM) i7-8750H CPU @ 2.20GHz, 12 cores, 15G,  Windows 10 , 64 bit Build 19041 (10.0.19041.4597)
Time: Thu Aug 15 18:56:08 2024 Arab Standard Time elapsed time: 8.245943 seconds (0d 0h 0m 8s)

---------------  T H R E A D  ---------------

Current thread (0x000001be4d451b50):  JavaThread "C2 CompilerThread0" daemon [_thread_in_native, id=8264, stack(0x0000000a75800000,0x0000000a75900000)]


Current CompileTask:
C2:   8246 1281       4       java.lang.StringLatin1::indexOf (121 bytes)

Stack: [0x0000000a75800000,0x0000000a75900000]
Native frames: (J=compiled Java code, j=interpreted, Vv=VM code, C=native code)
V  [jvm.dll+0x67f6d9]
V  [jvm.dll+0x83773a]
V  [jvm.dll+0x8391fe]
V  [jvm.dll+0x839863]
V  [jvm.dll+0x247fbf]
V  [jvm.dll+0xac741]
V  [jvm.dll+0xacb8c]
V  [jvm.dll+0x588f5d]
V  [jvm.dll+0x5887ad]
V  [jvm.dll+0x586837]
V  [jvm.dll+0x222f82]
V  [jvm.dll+0x21c15b]
V  [jvm.dll+0x219901]
V  [jvm.dll+0x1a5396]
V  [jvm.dll+0x2297cd]
V  [jvm.dll+0x22799c]
V  [jvm.dll+0x7ec8b7]
V  [jvm.dll+0x7e6cba]
V  [jvm.dll+0x67e5c5]
C  [ucrtbase.dll+0x21bb2]
C  [KERNEL32.DLL+0x17374]
C  [ntdll.dll+0x4cc91]


---------------  P R O C E S S  ---------------

Threads class SMR info:
_java_thread_list=0x000001be939409d0, length=12, elements={
0x000001be31632860, 0x000001be4d400900, 0x000001be4d401780, 0x000001be4d41a5a0,
0x000001be4d41df80, 0x000001be4d41e940, 0x000001be4d427310, 0x000001be4d451b50,
0x000001be4d453730, 0x000001be4d45e820, 0x000001be4d6819e0, 0x000001be4d687350
}

Java Threads: ( => current thread )
  0x000001be31632860 JavaThread "main" [_thread_blocked, id=23004, stack(0x0000000a74b00000,0x0000000a74c00000)]
  0x000001be4d400900 JavaThread "Reference Handler" daemon [_thread_blocked, id=16280, stack(0x0000000a75200000,0x0000000a75300000)]
  0x000001be4d401780 JavaThread "Finalizer" daemon [_thread_blocked, id=2856, stack(0x0000000a75300000,0x0000000a75400000)]
  0x000001be4d41a5a0 JavaThread "Signal Dispatcher" daemon [_thread_blocked, id=24364, stack(0x0000000a75400000,0x0000000a75500000)]
  0x000001be4d41df80 JavaThread "Attach Listener" daemon [_thread_blocked, id=11360, stack(0x0000000a75500000,0x0000000a75600000)]
  0x000001be4d41e940 JavaThread "Service Thread" daemon [_thread_blocked, id=20732, stack(0x0000000a75600000,0x0000000a75700000)]
  0x000001be4d427310 JavaThread "Monitor Deflation Thread" daemon [_thread_blocked, id=12956, stack(0x0000000a75700000,0x0000000a75800000)]
=>0x000001be4d451b50 JavaThread "C2 CompilerThread0" daemon [_thread_in_native, id=8264, stack(0x0000000a75800000,0x0000000a75900000)]
  0x000001be4d453730 JavaThread "C1 CompilerThread0" daemon [_thread_blocked, id=25396, stack(0x0000000a75900000,0x0000000a75a00000)]
  0x000001be4d45e820 JavaThread "Sweeper thread" daemon [_thread_blocked, id=17664, stack(0x0000000a75a00000,0x0000000a75b00000)]
  0x000001be4d6819e0 JavaThread "Notification Thread" daemon [_thread_blocked, id=12904, stack(0x0000000a75b00000,0x0000000a75c00000)]
  0x000001be4d687350 JavaThread "Common-Cleaner" daemon [_thread_blocked, id=12024, stack(0x0000000a75d00000,0x0000000a75e00000)]

Other Threads:
  0x000001be316dc420 VMThread "VM Thread" [stack: 0x0000000a75100000,0x0000000a75200000] [id=4524]
  0x000001be4d683ed0 WatcherThread [stack: 0x0000000a75c00000,0x0000000a75d00000] [id=16136]
  0x000001be316522b0 GCTaskThread "GC Thread#0" [stack: 0x0000000a74c00000,0x0000000a74d00000] [id=4040]
  0x000001be934a9ca0 GCTaskThread "GC Thread#1" [stack: 0x0000000a75f00000,0x0000000a76000000] [id=16208]
  0x000001be936a4500 GCTaskThread "GC Thread#2" [stack: 0x0000000a76000000,0x0000000a76100000] [id=13916]
  0x000001be9387be90 GCTaskThread "GC Thread#3" [stack: 0x0000000a76100000,0x0000000a76200000] [id=3652]
  0x000001be931e4fb0 GCTaskThread "GC Thread#4" [stack: 0x0000000a76200000,0x0000000a76300000] [id=20104]
  0x000001be31653a00 ConcurrentGCThread "G1 Main Marker" [stack: 0x0000000a74d00000,0x0000000a74e00000] [id=21780]
  0x000001be31654420 ConcurrentGCThread "G1 Conc#0" [stack: 0x0000000a74e00000,0x0000000a74f00000] [id=17176]
  0x000001be316bf2d0 ConcurrentGCThread "G1 Refine#0" [stack: 0x0000000a74f00000,0x0000000a75000000] [id=25072]
  0x000001be316c0d10 ConcurrentGCThread "G1 Service" [stack: 0x0000000a75000000,0x0000000a75100000] [id=16816]

Threads with active compile tasks:
C2 CompilerThread0     8300 1281       4       java.lang.StringLatin1::indexOf (121 bytes)

VM state: not at safepoint (normal execution)

VM Mutex/Monitor currently owned by a thread: None

Heap address: 0x00000000fc000000, size: 64 MB, Compressed Oops mode: 32-bit

CDS archive(s) mapped at: [0x000001be4e000000-0x000001be4ebb0000-0x000001be4ebb0000), size 12255232, SharedBaseAddress: 0x000001be4e000000, ArchiveRelocationMode: 1.
Compressed class space mapped at: 0x000001be4f000000-0x000001be8f000000, reserved size: 1073741824
Narrow klass base: 0x000001be4e000000, Narrow klass shift: 0, Narrow klass range: 0x100000000

GC Precious Log:
 CPUs: 12 total, 12 available
 Memory: 16227M
 Large Page Support: Disabled
 NUMA Support: Disabled
 Compressed Oops: Enabled (32-bit)
 Heap Region Size: 1M
 Heap Min Capacity: 64M
 Heap Initial Capacity: 64M
 Heap Max Capacity: 64M
 Pre-touch: Disabled
 Parallel Workers: 10
 Concurrent Workers: 3
 Concurrent Refinement Workers: 10
 Periodic GC: Disabled

Heap:
 garbage-first heap   total 65536K, used 29272K [0x00000000fc000000, 0x0000000100000000)
  region size 1024K, 22 young (22528K), 3 survivors (3072K)
 Metaspace       used 8327K, committed 8512K, reserved 1114112K
  class space    used 1120K, committed 1216K, reserved 1048576K

Heap Regions: E=young(eden), S=young(survivor), O=old, HS=humongous(starts), HC=humongous(continues), CS=collection set, F=free, OA=open archive, CA=closed archive, TAMS=top-at-mark-start (previous, next)
|   0|0x00000000fc000000, 0x00000000fc100000, 0x00000000fc100000|100%|HS|  |TAMS 0x00000000fc000000, 0x00000000fc000000| Complete 
|   1|0x00000000fc100000, 0x00000000fc200000, 0x00000000fc200000|100%|HC|  |TAMS 0x00000000fc100000, 0x00000000fc100000| Complete 
|   2|0x00000000fc200000, 0x00000000fc300000, 0x00000000fc300000|100%|HC|  |TAMS 0x00000000fc200000, 0x00000000fc200000| Complete 
|   3|0x00000000fc300000, 0x00000000fc400000, 0x00000000fc400000|100%|HC|  |TAMS 0x00000000fc300000, 0x00000000fc300000| Complete 
|   4|0x00000000fc400000, 0x00000000fc500000, 0x00000000fc500000|100%| O|  |TAMS 0x00000000fc400000, 0x00000000fc400000| Untracked 
|   5|0x00000000fc500000, 0x00000000fc600000, 0x00000000fc600000|100%| O|  |TAMS 0x00000000fc500000, 0x00000000fc500000| Untracked 
|   6|0x00000000fc600000, 0x00000000fc700000, 0x00000000fc700000|100%| O|  |TAMS 0x00000000fc600000, 0x00000000fc600000| Untracked 
|   7|0x00000000fc700000, 0x00000000fc796000, 0x00000000fc800000| 58%| O|  |TAMS 0x00000000fc700000, 0x00000000fc700000| Untracked 
|   8|0x00000000fc800000, 0x00000000fc800000, 0x00000000fc900000|  0%| F|  |TAMS 0x00000000fc800000, 0x00000000fc800000| Untracked 
|   9|0x00000000fc900000, 0x00000000fc900000, 0x00000000fca00000|  0%| F|  |TAMS 0x00000000fc900000, 0x00000000fc900000| Untracked 
|  10|0x00000000fca00000, 0x00000000fca00000, 0x00000000fcb00000|  0%| F|  |TAMS 0x00000000fca00000, 0x00000000fca00000| Untracked 
|  11|0x00000000fcb00000, 0x00000000fcb00000, 0x00000000fcc00000|  0%| F|  |TAMS 0x00000000fcb00000, 0x00000000fcb00000| Untracked 
|  12|0x00000000fcc00000, 0x00000000fcc00000, 0x00000000fcd00000|  0%| F|  |TAMS 0x00000000fcc00000, 0x00000000fcc00000| Untracked 
|  13|0x00000000fcd00000, 0x00000000fcd00000, 0x00000000fce00000|  0%| F|  |TAMS 0x00000000fcd00000, 0x00000000fcd00000| Untracked 
|  14|0x00000000fce00000, 0x00000000fce00000, 0x00000000fcf00000|  0%| F|  |TAMS 0x00000000fce00000, 0x00000000fce00000| Untracked 
|  15|0x00000000fcf00000, 0x00000000fcf00000, 0x00000000fd000000|  0%| F|  |TAMS 0x00000000fcf00000, 0x00000000fcf00000| Untracked 
|  16|0x00000000fd000000, 0x00000000fd000000, 0x00000000fd100000|  0%| F|  |TAMS 0x00000000fd000000, 0x00000000fd000000| Untracked 
|  17|0x00000000fd100000, 0x00000000fd100000, 0x00000000fd200000|  0%| F|  |TAMS 0x00000000fd100000, 0x00000000fd100000| Untracked 
|  18|0x00000000fd200000, 0x00000000fd200000, 0x00000000fd300000|  0%| F|  |TAMS 0x00000000fd200000, 0x00000000fd200000| Untracked 
|  19|0x00000000fd300000, 0x00000000fd300000, 0x00000000fd400000|  0%| F|  |TAMS 0x00000000fd300000, 0x00000000fd300000| Untracked 
|  20|0x00000000fd400000, 0x00000000fd400000, 0x00000000fd500000|  0%| F|  |TAMS 0x00000000fd400000, 0x00000000fd400000| Untracked 
|  21|0x00000000fd500000, 0x00000000fd500000, 0x00000000fd600000|  0%| F|  |TAMS 0x00000000fd500000, 0x00000000fd500000| Untracked 
|  22|0x00000000fd600000, 0x00000000fd600000, 0x00000000fd700000|  0%| F|  |TAMS 0x00000000fd600000, 0x00000000fd600000| Untracked 
|  23|0x00000000fd700000, 0x00000000fd700000, 0x00000000fd800000|  0%| F|  |TAMS 0x00000000fd700000, 0x00000000fd700000| Untracked 
|  24|0x00000000fd800000, 0x00000000fd800000, 0x00000000fd900000|  0%| F|  |TAMS 0x00000000fd800000, 0x00000000fd800000| Untracked 
|  25|0x00000000fd900000, 0x00000000fd900000, 0x00000000fda00000|  0%| F|  |TAMS 0x00000000fd900000, 0x00000000fd900000| Untracked 
|  26|0x00000000fda00000, 0x00000000fda00000, 0x00000000fdb00000|  0%| F|  |TAMS 0x00000000fda00000, 0x00000000fda00000| Untracked 
|  27|0x00000000fdb00000, 0x00000000fdb00000, 0x00000000fdc00000|  0%| F|  |TAMS 0x00000000fdb00000, 0x00000000fdb00000| Untracked 
|  28|0x00000000fdc00000, 0x00000000fdc00000, 0x00000000fdd00000|  0%| F|  |TAMS 0x00000000fdc00000, 0x00000000fdc00000| Untracked 
|  29|0x00000000fdd00000, 0x00000000fdd00000, 0x00000000fde00000|  0%| F|  |TAMS 0x00000000fdd00000, 0x00000000fdd00000| Untracked 
|  30|0x00000000fde00000, 0x00000000fde00000, 0x00000000fdf00000|  0%| F|  |TAMS 0x00000000fde00000, 0x00000000fde00000| Untracked 
|  31|0x00000000fdf00000, 0x00000000fdf00000, 0x00000000fe000000|  0%| F|  |TAMS 0x00000000fdf00000, 0x00000000fdf00000| Untracked 
|  32|0x00000000fe000000, 0x00000000fe000000, 0x00000000fe100000|  0%| F|  |TAMS 0x00000000fe000000, 0x00000000fe000000| Untracked 
|  33|0x00000000fe100000, 0x00000000fe100000, 0x00000000fe200000|  0%| F|  |TAMS 0x00000000fe100000, 0x00000000fe100000| Untracked 
|  34|0x00000000fe200000, 0x00000000fe200000, 0x00000000fe300000|  0%| F|  |TAMS 0x00000000fe200000, 0x00000000fe200000| Untracked 
|  35|0x00000000fe300000, 0x00000000fe300000, 0x00000000fe400000|  0%| F|  |TAMS 0x00000000fe300000, 0x00000000fe300000| Untracked 
|  36|0x00000000fe400000, 0x00000000fe400000, 0x00000000fe500000|  0%| F|  |TAMS 0x00000000fe400000, 0x00000000fe400000| Untracked 
|  37|0x00000000fe500000, 0x00000000fe500000, 0x00000000fe600000|  0%| F|  |TAMS 0x00000000fe500000, 0x00000000fe500000| Untracked 
|  38|0x00000000fe600000, 0x00000000fe700000, 0x00000000fe700000|100%| S|CS|TAMS 0x00000000fe600000, 0x00000000fe600000| Complete 
|  39|0x00000000fe700000, 0x00000000fe800000, 0x00000000fe800000|100%| S|CS|TAMS 0x00000000fe700000, 0x00000000fe700000| Complete 
|  40|0x00000000fe800000, 0x00000000fe900000, 0x00000000fe900000|100%| S|CS|TAMS 0x00000000fe800000, 0x00000000fe800000| Complete 
|  41|0x00000000fe900000, 0x00000000fe900000, 0x00000000fea00000|  0%| F|  |TAMS 0x00000000fe900000, 0x00000000fe900000| Untracked 
|  42|0x00000000fea00000, 0x00000000fea00000, 0x00000000feb00000|  0%| F|  |TAMS 0x00000000fea00000, 0x00000000fea00000| Untracked 
|  43|0x00000000feb00000, 0x00000000feb00000, 0x00000000fec00000|  0%| F|  |TAMS 0x00000000feb00000, 0x00000000feb00000| Untracked 
|  44|0x00000000fec00000, 0x00000000fec00000, 0x00000000fed00000|  0%| F|  |TAMS 0x00000000fec00000, 0x00000000fec00000| Untracked 
|  45|0x00000000fed00000, 0x00000000fede2478, 0x00000000fee00000| 88%| E|  |TAMS 0x00000000fed00000, 0x00000000fed00000| Complete 
|  46|0x00000000fee00000, 0x00000000fef00000, 0x00000000fef00000|100%| E|CS|TAMS 0x00000000fee00000, 0x00000000fee00000| Complete 
|  47|0x00000000fef00000, 0x00000000ff000000, 0x00000000ff000000|100%| E|CS|TAMS 0x00000000fef00000, 0x00000000fef00000| Complete 
|  48|0x00000000ff000000, 0x00000000ff100000, 0x00000000ff100000|100%| E|CS|TAMS 0x00000000ff000000, 0x00000000ff000000| Complete 
|  49|0x00000000ff100000, 0x00000000ff200000, 0x00000000ff200000|100%| E|CS|TAMS 0x00000000ff100000, 0x00000000ff100000| Complete 
|  50|0x00000000ff200000, 0x00000000ff300000, 0x00000000ff300000|100%| E|CS|TAMS 0x00000000ff200000, 0x00000000ff200000| Complete 
|  51|0x00000000ff300000, 0x00000000ff400000, 0x00000000ff400000|100%| E|CS|TAMS 0x00000000ff300000, 0x00000000ff300000| Complete 
|  52|0x00000000ff400000, 0x00000000ff500000, 0x00000000ff500000|100%| E|CS|TAMS 0x00000000ff400000, 0x00000000ff400000| Complete 
|  53|0x00000000ff500000, 0x00000000ff600000, 0x00000000ff600000|100%| E|CS|TAMS 0x00000000ff500000, 0x00000000ff500000| Complete 
|  54|0x00000000ff600000, 0x00000000ff700000, 0x00000000ff700000|100%| E|CS|TAMS 0x00000000ff600000, 0x00000000ff600000| Complete 
|  55|0x00000000ff700000, 0x00000000ff800000, 0x00000000ff800000|100%| E|CS|TAMS 0x00000000ff700000, 0x00000000ff700000| Complete 
|  56|0x00000000ff800000, 0x00000000ff900000, 0x00000000ff900000|100%| E|CS|TAMS 0x00000000ff800000, 0x00000000ff800000| Complete 
|  57|0x00000000ff900000, 0x00000000ffa00000, 0x00000000ffa00000|100%| E|CS|TAMS 0x00000000ff900000, 0x00000000ff900000| Complete 
|  58|0x00000000ffa00000, 0x00000000ffb00000, 0x00000000ffb00000|100%| E|CS|TAMS 0x00000000ffa00000, 0x00000000ffa00000| Complete 
|  59|0x00000000ffb00000, 0x00000000ffc00000, 0x00000000ffc00000|100%| E|CS|TAMS 0x00000000ffb00000, 0x00000000ffb00000| Complete 
|  60|0x00000000ffc00000, 0x00000000ffd00000, 0x00000000ffd00000|100%| E|CS|TAMS 0x00000000ffc00000, 0x00000000ffc00000| Complete 
|  61|0x00000000ffd00000, 0x00000000ffe00000, 0x00000000ffe00000|100%| E|CS|TAMS 0x00000000ffd00000, 0x00000000ffd00000| Complete 
|  62|0x00000000ffe00000, 0x00000000fff00000, 0x00000000fff00000|100%| E|CS|TAMS 0x00000000ffe00000, 0x00000000ffe00000| Complete 
|  63|0x00000000fff00000, 0x0000000100000000, 0x0000000100000000|100%| E|CS|TAMS 0x00000000fff00000, 0x00000000fff00000| Complete 

Card table byte_map: [0x000001be31720000,0x000001be31740000] _byte_map_base: 0x000001be30f40000

Marking Bits (Prev, Next): (CMBitMap*) 0x000001be316528d0, (CMBitMap*) 0x000001be31652910
 Prev Bits: [0x000001be4a600000, 0x000001be4a700000)
 Next Bits: [0x000001be4a700000, 0x000001be4a800000)

Polling page: 0x000001be313f0000

Metaspace:

Usage:
  Non-class:      7.04 MB used.
      Class:      1.09 MB used.
       Both:      8.13 MB used.

Virtual space:
  Non-class space:       64.00 MB reserved,       7.12 MB ( 11%) committed,  1 nodes.
      Class space:        1.00 GB reserved,       1.19 MB ( <1%) committed,  1 nodes.
             Both:        1.06 GB reserved,       8.31 MB ( <1%) committed. 

Chunk freelists:
   Non-Class:  8.19 MB
       Class:  14.64 MB
        Both:  22.83 MB

MaxMetaspaceSize: unlimited
CompressedClassSpaceSize: 1.00 GB
Initial GC threshold: 21.00 MB
Current GC threshold: 21.00 MB
CDS: on
MetaspaceReclaimPolicy: balanced
 - commit_granule_bytes: 65536.
 - commit_granule_words: 8192.
 - virtual_space_node_default_size: 8388608.
 - enlarge_chunks_in_place: 1.
 - new_chunks_are_fully_committed: 0.
 - uncommit_free_chunks: 1.
 - use_allocation_guard: 0.
 - handle_deallocations: 1.


Internal statistics:

num_allocs_failed_limit: 0.
num_arena_births: 90.
num_arena_deaths: 0.
num_vsnodes_births: 2.
num_vsnodes_deaths: 0.
num_space_committed: 133.
num_space_uncommitted: 0.
num_chunks_returned_to_freelist: 0.
num_chunks_taken_from_freelist: 307.
num_chunk_merges: 0.
num_chunk_splits: 210.
num_chunks_enlarged: 173.
num_inconsistent_stats: 0.

CodeHeap 'non-profiled nmethods': size=120000Kb used=544Kb max_used=544Kb free=119455Kb
 bounds [0x000001be42450000, 0x000001be426c0000, 0x000001be49980000]
CodeHeap 'profiled nmethods': size=120000Kb used=2573Kb max_used=2573Kb free=117426Kb
 bounds [0x000001be3a980000, 0x000001be3ac10000, 0x000001be41eb0000]
CodeHeap 'non-nmethods': size=5760Kb used=1172Kb max_used=1189Kb free=4588Kb
 bounds [0x000001be41eb0000, 0x000001be42120000, 0x000001be42450000]
 total_blobs=1780 nmethods=1311 adapters=382
 compilation: enabled
              stopped_count=0, restarted_count=0
 full_count=0

Compilation events (20 events):
Event: 8.089 Thread 0x000001be4d453730 nmethod 1271 0x000001be3abf2190 code [0x000001be3abf2340, 0x000001be3abf25b8]
Event: 8.089 Thread 0x000001be4d453730 1272       3       java.util.regex.Pattern::lambda$DOT$4 (34 bytes)
Event: 8.089 Thread 0x000001be4d453730 nmethod 1272 0x000001be3abf2690 code [0x000001be3abf2820, 0x000001be3abf2a18]
Event: 8.089 Thread 0x000001be4d453730 1273       3       java.nio.CharBuffer::charAt (16 bytes)
Event: 8.089 Thread 0x000001be4d453730 nmethod 1273 0x000001be3abf2a90 code [0x000001be3abf2c60, 0x000001be3abf30a8]
Event: 8.229 Thread 0x000001be4d453730 1274       3       jdk.internal.org.objectweb.asm.AnnotationWriter::computeAnnotationsSize (66 bytes)
Event: 8.229 Thread 0x000001be4d453730 nmethod 1274 0x000001be3abf3310 code [0x000001be3abf34e0, 0x000001be3abf3818]
Event: 8.229 Thread 0x000001be4d453730 1275       3       jdk.internal.org.objectweb.asm.Attribute::putAttributes (78 bytes)
Event: 8.230 Thread 0x000001be4d453730 nmethod 1275 0x000001be3abf3a10 code [0x000001be3abf3c60, 0x000001be3abf4198]
Event: 8.231 Thread 0x000001be4d453730 1276       3       java.util.concurrent.locks.ReentrantLock$Sync::tryRelease (51 bytes)
Event: 8.231 Thread 0x000001be4d453730 nmethod 1276 0x000001be3abf4490 code [0x000001be3abf4640, 0x000001be3abf4988]
Event: 8.235 Thread 0x000001be4d453730 1277       3       jdk.internal.math.FDBigInteger::mult (64 bytes)
Event: 8.236 Thread 0x000001be4d453730 nmethod 1277 0x000001be3abf4a90 code [0x000001be3abf4c40, 0x000001be3abf4eb8]
Event: 8.236 Thread 0x000001be4d453730 1278       3       jdk.internal.math.FDBigInteger::<init> (30 bytes)
Event: 8.236 Thread 0x000001be4d453730 nmethod 1278 0x000001be3abf5090 code [0x000001be3abf5240, 0x000001be3abf5448]
Event: 8.236 Thread 0x000001be4d453730 1279       3       jdk.internal.math.FDBigInteger::trimLeadingZeros (57 bytes)
Event: 8.236 Thread 0x000001be4d453730 nmethod 1279 0x000001be3abf5590 code [0x000001be3abf5740, 0x000001be3abf5a18]
Event: 8.237 Thread 0x000001be4d453730 1280       3       java.lang.invoke.MethodHandles$Lookup::<init> (84 bytes)
Event: 8.237 Thread 0x000001be4d453730 nmethod 1280 0x000001be3abf5b10 code [0x000001be3abf5cc0, 0x000001be3abf5ef8]
Event: 8.242 Thread 0x000001be4d451b50 1281       4       java.lang.StringLatin1::indexOf (121 bytes)

GC Heap History (2 events):
Event: 1.736 GC heap before
{Heap before GC invocations=0 (full 0):
 garbage-first heap   total 65536K, used 26624K [0x00000000fc000000, 0x0000000100000000)
  region size 1024K, 23 young (23552K), 0 survivors (0K)
 Metaspace       used 3746K, committed 3904K, reserved 1114112K
  class space    used 456K, committed 512K, reserved 1048576K
}
Event: 1.748 GC heap after
{Heap after GC invocations=1 (full 0):
 garbage-first heap   total 65536K, used 10840K [0x00000000fc000000, 0x0000000100000000)
  region size 1024K, 3 young (3072K), 3 survivors (3072K)
 Metaspace       used 3746K, committed 3904K, reserved 1114112K
  class space    used 456K, committed 512K, reserved 1048576K
}

Dll operation events (11 events):
Event: 0.016 Loaded shared library C:\Program Files\Microsoft\jdk-17.0.11.9-hotspot\bin\java.dll
Event: 0.051 Loaded shared library C:\Program Files\Microsoft\jdk-17.0.11.9-hotspot\bin\jsvml.dll
Event: 0.117 Loaded shared library C:\Program Files\Microsoft\jdk-17.0.11.9-hotspot\bin\net.dll
Event: 0.122 Loaded shared library C:\Program Files\Microsoft\jdk-17.0.11.9-hotspot\bin\nio.dll
Event: 0.128 Loaded shared library C:\Program Files\Microsoft\jdk-17.0.11.9-hotspot\bin\zip.dll
Event: 0.975 Loaded shared library C:\Program Files\Microsoft\jdk-17.0.11.9-hotspot\bin\jimage.dll
Event: 1.145 Loaded shared library C:\Program Files\Microsoft\jdk-17.0.11.9-hotspot\bin\verify.dll
Event: 1.837 Loaded shared library C:\Users\icarus\.gradle\native\c067742578af261105cb4f569cf0c3c89f3d7b1fecec35dd04571415982c5e48\windows-amd64\native-platform.dll
Event: 2.220 Loaded shared library C:\Program Files\Microsoft\jdk-17.0.11.9-hotspot\bin\management.dll
Event: 2.225 Loaded shared library C:\Program Files\Microsoft\jdk-17.0.11.9-hotspot\bin\management_ext.dll
Event: 3.079 Loaded shared library C:\Program Files\Microsoft\jdk-17.0.11.9-hotspot\bin\extnet.dll

Deoptimization events (20 events):
Event: 3.480 Thread 0x000001be93a50090 Uncommon trap: trap_request=0xffffff6e fr.pc=0x000001be424c3ab4 relative=0x0000000000000414
Event: 3.480 Thread 0x000001be93a50090 Uncommon trap: reason=loop_limit_check action=maybe_recompile pc=0x000001be424c3ab4 method=java.lang.StringLatin1.indexOf([BI[BII)I @ 37 c2
Event: 3.480 Thread 0x000001be93a50090 DEOPT PACKING pc=0x000001be424c3ab4 sp=0x0000000a75efec50
Event: 3.480 Thread 0x000001be93a50090 DEOPT UNPACKING pc=0x000001be41f069a3 sp=0x0000000a75efebd8 mode 2
Event: 3.480 Thread 0x000001be93a50090 Uncommon trap: trap_request=0xffffff45 fr.pc=0x000001be4248d4e8 relative=0x0000000000000528
Event: 3.480 Thread 0x000001be93a50090 Uncommon trap: reason=unstable_if action=reinterpret pc=0x000001be4248d4e8 method=java.lang.AbstractStringBuilder.putStringAt(ILjava/lang/String;II)V @ 8 c2
Event: 3.481 Thread 0x000001be93a50090 DEOPT PACKING pc=0x000001be4248d4e8 sp=0x0000000a75efed10
Event: 3.481 Thread 0x000001be93a50090 DEOPT UNPACKING pc=0x000001be41f069a3 sp=0x0000000a75efeb98 mode 2
Event: 3.481 Thread 0x000001be93a50090 Uncommon trap: trap_request=0xffffff45 fr.pc=0x000001be42488150 relative=0x0000000000000510
Event: 3.481 Thread 0x000001be93a50090 Uncommon trap: reason=unstable_if action=reinterpret pc=0x000001be42488150 method=java.lang.AbstractStringBuilder.putStringAt(ILjava/lang/String;II)V @ 8 c2
Event: 3.481 Thread 0x000001be93a50090 DEOPT PACKING pc=0x000001be42488150 sp=0x0000000a75efecb0
Event: 3.481 Thread 0x000001be93a50090 DEOPT UNPACKING pc=0x000001be41f069a3 sp=0x0000000a75efeba0 mode 2
Event: 3.481 Thread 0x000001be93a50090 Uncommon trap: trap_request=0xffffff45 fr.pc=0x000001be424c90a0 relative=0x0000000000000400
Event: 3.481 Thread 0x000001be93a50090 Uncommon trap: reason=unstable_if action=reinterpret pc=0x000001be424c90a0 method=java.lang.AbstractStringBuilder.isLatin1()Z @ 10 c2
Event: 3.481 Thread 0x000001be93a50090 DEOPT PACKING pc=0x000001be424c90a0 sp=0x0000000a75efed30
Event: 3.481 Thread 0x000001be93a50090 DEOPT UNPACKING pc=0x000001be41f069a3 sp=0x0000000a75efecb0 mode 2
Event: 8.087 Thread 0x000001be93a50090 Uncommon trap: trap_request=0xffffff45 fr.pc=0x000001be4245d784 relative=0x0000000000000084
Event: 8.087 Thread 0x000001be93a50090 Uncommon trap: reason=unstable_if action=reinterpret pc=0x000001be4245d784 method=java.lang.String.codePointAt(I)I @ 4 c2
Event: 8.087 Thread 0x000001be93a50090 DEOPT PACKING pc=0x000001be4245d784 sp=0x0000000a75efecb0
Event: 8.087 Thread 0x000001be93a50090 DEOPT UNPACKING pc=0x000001be41f069a3 sp=0x0000000a75efec48 mode 2

Classes unloaded (0 events):
No events

Classes redefined (0 events):
No events

Internal exceptions (20 events):
Event: 1.685 Thread 0x000001be31632860 Exception <a 'java/lang/NoSuchMethodError'{0x00000000fe964948}: 'void java.lang.invoke.DirectMethodHandle$Holder.invokeStatic(java.lang.Object, java.lang.Object)'> (0x00000000fe964948) 
thrown [s\src\hotspot\share\interpreter\linkResolver.cpp, line 759]
Event: 1.729 Thread 0x000001be31632860 Exception <a 'java/lang/NoClassDefFoundError'{0x00000000fe9e8c98}: org/slf4j/impl/StaticMarkerBinder> (0x00000000fe9e8c98) 
thrown [s\src\hotspot\share\classfile\systemDictionary.cpp, line 245]
Event: 1.781 Thread 0x000001be31632860 Exception <a 'java/lang/NoSuchMethodError'{0x00000000fff8ce88}: 'java.lang.Object java.lang.invoke.DirectMethodHandle$Holder.invokeVirtual(java.lang.Object, java.lang.Object, java.lang.Object, java.lang.Object, java.lang.Object, java.lang.Object, java.lang.Object)'> (0x00000000fff8ce88) 
thrown [s\src\hotspot\share\interpreter\linkResolver.cpp, line 759]
Event: 1.788 Thread 0x000001be31632860 Exception <a 'java/lang/NoSuchMethodError'{0x00000000fff9e9e8}: 'java.lang.Object java.lang.invoke.Invokers$Holder.invoker(java.lang.Object, java.lang.Object, java.lang.Object)'> (0x00000000fff9e9e8) 
thrown [s\src\hotspot\share\interpreter\linkResolver.cpp, line 759]
Event: 1.793 Thread 0x000001be31632860 Exception <a 'java/lang/NoSuchMethodError'{0x00000000fffa7bc0}: 'java.lang.Object java.lang.invoke.DirectMethodHandle$Holder.invokeStatic(java.lang.Object, java.lang.Object, int)'> (0x00000000fffa7bc0) 
thrown [s\src\hotspot\share\interpreter\linkResolver.cpp, line 759]
Event: 1.799 Thread 0x000001be31632860 Exception <a 'java/lang/NoSuchMethodError'{0x00000000fffb38b0}: 'void java.lang.invoke.DelegatingMethodHandle$Holder.delegate(java.lang.Object, java.lang.Object, int, java.lang.Object)'> (0x00000000fffb38b0) 
thrown [s\src\hotspot\share\interpreter\linkResolver.cpp, line 759]
Event: 1.801 Thread 0x000001be31632860 Exception <a 'java/lang/NoSuchMethodError'{0x00000000fffb7a78}: 'int java.lang.invoke.DirectMethodHandle$Holder.invokeSpecial(java.lang.Object, java.lang.Object, java.lang.Object)'> (0x00000000fffb7a78) 
thrown [s\src\hotspot\share\interpreter\linkResolver.cpp, line 759]
Event: 1.807 Thread 0x000001be31632860 Exception <a 'java/lang/NoSuchMethodError'{0x00000000fffcabc0}: 'java.lang.Object java.lang.invoke.Invokers$Holder.invokeExact_MT(java.lang.Object, java.lang.Object, java.lang.Object, java.lang.Object)'> (0x00000000fffcabc0) 
thrown [s\src\hotspot\share\interpreter\linkResolver.cpp, line 759]
Event: 2.159 Thread 0x000001be31632860 Exception <a 'java/lang/NoSuchMethodError'{0x00000000ff942e80}: 'void java.lang.invoke.DirectMethodHandle$Holder.invokeSpecial(java.lang.Object, java.lang.Object, java.lang.Object)'> (0x00000000ff942e80) 
thrown [s\src\hotspot\share\interpreter\linkResolver.cpp, line 759]
Event: 2.178 Thread 0x000001be31632860 Implicit null exception at 0x000001be424ad28f to 0x000001be424ad804
Event: 2.178 Thread 0x000001be31632860 Implicit null exception at 0x000001be4249570f to 0x000001be42495c8c
Event: 2.214 Thread 0x000001be31632860 Exception <a 'java/lang/NoSuchMethodError'{0x00000000ff8961a0}: 'java.lang.Object java.lang.invoke.DirectMethodHandle$Holder.invokeStaticInit(java.lang.Object)'> (0x00000000ff8961a0) 
thrown [s\src\hotspot\share\interpreter\linkResolver.cpp, line 759]
Event: 2.380 Thread 0x000001be31632860 Exception <a 'java/lang/NoSuchMethodError'{0x00000000ff44ece0}: 'java.lang.Object java.lang.invoke.DirectMethodHandle$Holder.invokeStaticInit(java.lang.Object, int, int, int, int)'> (0x00000000ff44ece0) 
thrown [s\src\hotspot\share\interpreter\linkResolver.cpp, line 759]
Event: 2.494 Thread 0x000001be31632860 Exception <a 'java/lang/NoSuchMethodError'{0x00000000ff486ac0}: 'java.lang.Object java.lang.invoke.DirectMethodHandle$Holder.invokeStaticInit(java.lang.Object, java.lang.Object, int, int, int, int)'> (0x00000000ff486ac0) 
thrown [s\src\hotspot\share\interpreter\linkResolver.cpp, line 759]
Event: 3.081 Thread 0x000001be31632860 Exception <a 'java/lang/NoSuchMethodError'{0x00000000ff4b77a8}: 'void java.lang.invoke.DirectMethodHandle$Holder.invokeStatic(java.lang.Object, java.lang.Object, java.lang.Object)'> (0x00000000ff4b77a8) 
thrown [s\src\hotspot\share\interpreter\linkResolver.cpp, line 759]
Event: 3.443 Thread 0x000001be93a50090 Exception <a 'java/lang/NoSuchMethodError'{0x00000000fee10ba0}: 'void java.lang.invoke.DirectMethodHandle$Holder.invokeStatic(java.lang.Object, long)'> (0x00000000fee10ba0) 
thrown [s\src\hotspot\share\interpreter\linkResolver.cpp, line 759]
Event: 3.444 Thread 0x000001be93a50090 Exception <a 'java/lang/NoSuchMethodError'{0x00000000fee164f8}: 'java.lang.Object java.lang.invoke.DirectMethodHandle$Holder.newInvokeSpecial(java.lang.Object, long)'> (0x00000000fee164f8) 
thrown [s\src\hotspot\share\interpreter\linkResolver.cpp, line 759]
Event: 3.447 Thread 0x000001be93a50090 Exception <a 'java/lang/NoSuchMethodError'{0x00000000fee210a0}: 'java.lang.Object java.lang.invoke.DirectMethodHandle$Holder.invokeStaticInit(java.lang.Object, java.lang.Object, long, java.lang.Object)'> (0x00000000fee210a0) 
thrown [s\src\hotspot\share\interpreter\linkResolver.cpp, line 759]
Event: 3.448 Thread 0x000001be93a50090 Exception <a 'java/lang/NoSuchMethodError'{0x00000000fee27728}: 'java.lang.Object java.lang.invoke.DirectMethodHandle$Holder.newInvokeSpecial(java.lang.Object, java.lang.Object, long)'> (0x00000000fee27728) 
thrown [s\src\hotspot\share\interpreter\linkResolver.cpp, line 759]
Event: 3.449 Thread 0x000001be93a50090 Exception <a 'java/lang/NoSuchMethodError'{0x00000000fee2ba18}: 'java.lang.Object java.lang.invoke.Invokers$Holder.linkToTargetMethod(java.lang.Object, long, java.lang.Object)'> (0x00000000fee2ba18) 
thrown [s\src\hotspot\share\interpreter\linkResolver.cpp, line 759]

VM Operations (20 events):
Event: 1.722 Executing VM operation: HandshakeAllThreads
Event: 1.722 Executing VM operation: HandshakeAllThreads done
Event: 1.736 Executing VM operation: G1CollectForAllocation
Event: 1.748 Executing VM operation: G1CollectForAllocation done
Event: 1.793 Executing VM operation: HandshakeAllThreads
Event: 1.793 Executing VM operation: HandshakeAllThreads done
Event: 2.237 Executing VM operation: HandshakeAllThreads
Event: 2.237 Executing VM operation: HandshakeAllThreads done
Event: 2.305 Executing VM operation: HandshakeAllThreads
Event: 2.305 Executing VM operation: HandshakeAllThreads done
Event: 2.483 Executing VM operation: HandshakeAllThreads
Event: 2.483 Executing VM operation: HandshakeAllThreads done
Event: 3.475 Executing VM operation: HandshakeAllThreads
Event: 3.475 Executing VM operation: HandshakeAllThreads done
Event: 3.475 Executing VM operation: Cleanup
Event: 3.476 Executing VM operation: Cleanup done
Event: 4.484 Executing VM operation: Cleanup
Event: 4.485 Executing VM operation: Cleanup done
Event: 7.510 Executing VM operation: Cleanup
Event: 7.510 Executing VM operation: Cleanup done

Events (20 events):
Event: 3.458 loading class java/util/Scanner$PatternLRUCache done
Event: 3.461 loading class jdk/internal/module/ModulePatcher$PatchedModuleReader
Event: 3.462 loading class jdk/internal/module/ModulePatcher$PatchedModuleReader done
Event: 3.463 loading class sun/net/www/protocol/jrt/Handler
Event: 3.463 loading class sun/net/www/protocol/jrt/Handler done
Event: 3.470 loading class sun/text/resources/cldr/FormatData_en
Event: 3.471 loading class sun/text/resources/cldr/FormatData_en done
Event: 3.471 loading class sun/text/resources/cldr/FormatData_en_US
Event: 3.471 loading class sun/text/resources/cldr/FormatData_en_US done
Event: 3.475 Thread 0x000001be93697790 Thread exited: 0x000001be93697790
Event: 3.481 loading class java/io/PrintWriter
Event: 3.524 loading class java/io/PrintWriter done
Event: 8.087 loading class java/util/regex/Matcher$ImmutableMatchResult
Event: 8.088 loading class java/util/regex/Matcher$ImmutableMatchResult done
Event: 8.231 Thread 0x000001be93a50090 Thread exited: 0x000001be93a50090
Event: 8.232 Thread 0x000001be93697c70 Thread exited: 0x000001be93697c70
Event: 8.234 loading class jdk/internal/math/FDBigInteger
Event: 8.235 loading class jdk/internal/math/FDBigInteger done
Event: 8.236 loading class java/util/concurrent/ConcurrentLinkedQueue$Itr
Event: 8.236 loading class java/util/concurrent/ConcurrentLinkedQueue$Itr done


Dynamic libraries:
0x00007ff648f10000 - 0x00007ff648f1e000 	C:\Program Files\Microsoft\jdk-17.0.11.9-hotspot\bin\java.exe
0x00007ff804650000 - 0x00007ff804848000 	C:\Windows\SYSTEM32\ntdll.dll
0x00007ff802a50000 - 0x00007ff802b11000 	C:\Windows\System32\KERNEL32.DLL
0x00007ff8022e0000 - 0x00007ff8025d6000 	C:\Windows\System32\KERNELBASE.dll
0x00007ffffe490000 - 0x00007ffffe524000 	C:\Windows\SYSTEM32\apphelp.dll
0x00007ff801f00000 - 0x00007ff802000000 	C:\Windows\System32\ucrtbase.dll
0x00007fffecba0000 - 0x00007fffecbb7000 	C:\Program Files\Microsoft\jdk-17.0.11.9-hotspot\bin\jli.dll
0x00007fffe9ec0000 - 0x00007fffe9edb000 	C:\Program Files\Microsoft\jdk-17.0.11.9-hotspot\bin\VCRUNTIME140.dll
0x00007ff8039a0000 - 0x00007ff803b3f000 	C:\Windows\System32\USER32.dll
0x00007ff802160000 - 0x00007ff802182000 	C:\Windows\System32\win32u.dll
0x00007fffecfc0000 - 0x00007fffed25a000 	C:\Windows\WinSxS\amd64_microsoft.windows.common-controls_6595b64144ccf1df_6.0.19041.4355_none_60b8b9eb71f62e16\COMCTL32.dll
0x00007ff8036a0000 - 0x00007ff8036cb000 	C:\Windows\System32\GDI32.dll
0x00007ff803820000 - 0x00007ff8038be000 	C:\Windows\System32\msvcrt.dll
0x00007ff8021c0000 - 0x00007ff8022d7000 	C:\Windows\System32\gdi32full.dll
0x00007ff8025e0000 - 0x00007ff80267d000 	C:\Windows\System32\msvcp_win.dll
0x00007ff803600000 - 0x00007ff80362f000 	C:\Windows\System32\IMM32.DLL
0x00007fffe9eb0000 - 0x00007fffe9ebc000 	C:\Program Files\Microsoft\jdk-17.0.11.9-hotspot\bin\vcruntime140_1.dll
0x00007fffcc850000 - 0x00007fffcc8dd000 	C:\Program Files\Microsoft\jdk-17.0.11.9-hotspot\bin\msvcp140.dll
0x00007fff60690000 - 0x00007fff612f6000 	C:\Program Files\Microsoft\jdk-17.0.11.9-hotspot\bin\server\jvm.dll
0x00007ff802e30000 - 0x00007ff802ee0000 	C:\Windows\System32\ADVAPI32.dll
0x00007ff803560000 - 0x00007ff803600000 	C:\Windows\System32\sechost.dll
0x00007ff802b80000 - 0x00007ff802ca3000 	C:\Windows\System32\RPCRT4.dll
0x00007ff802190000 - 0x00007ff8021b7000 	C:\Windows\System32\bcrypt.dll
0x00007ff8011f0000 - 0x00007ff80123b000 	C:\Windows\SYSTEM32\POWRPROF.dll
0x00007ffffc630000 - 0x00007ffffc63a000 	C:\Windows\SYSTEM32\VERSION.dll
0x00007ffffbc80000 - 0x00007ffffbca7000 	C:\Windows\SYSTEM32\WINMM.dll
0x00007ffffb290000 - 0x00007ffffb299000 	C:\Windows\SYSTEM32\WSOCK32.dll
0x00007ff802ee0000 - 0x00007ff802f4b000 	C:\Windows\System32\WS2_32.dll
0x00007ff8010b0000 - 0x00007ff8010c2000 	C:\Windows\SYSTEM32\UMPDC.dll
0x00007ff8002e0000 - 0x00007ff8002f2000 	C:\Windows\SYSTEM32\kernel.appcore.dll
0x00007fffe9ea0000 - 0x00007fffe9eaa000 	C:\Program Files\Microsoft\jdk-17.0.11.9-hotspot\bin\jimage.dll
0x00007fffed8c0000 - 0x00007fffedaa4000 	C:\Windows\SYSTEM32\DBGHELP.DLL
0x00007fffe2ef0000 - 0x00007fffe2f24000 	C:\Windows\SYSTEM32\dbgcore.DLL
0x00007ff801e70000 - 0x00007ff801ef2000 	C:\Windows\System32\bcryptPrimitives.dll
0x00007fffd34f0000 - 0x00007fffd3515000 	C:\Program Files\Microsoft\jdk-17.0.11.9-hotspot\bin\java.dll
0x00007fffc9c90000 - 0x00007fffc9d67000 	C:\Program Files\Microsoft\jdk-17.0.11.9-hotspot\bin\jsvml.dll
0x00007ff803b40000 - 0x00007ff8042ac000 	C:\Windows\System32\SHELL32.dll
0x00007fffff850000 - 0x00007ffffffee000 	C:\Windows\SYSTEM32\windows.storage.dll
0x00007ff8042b0000 - 0x00007ff804603000 	C:\Windows\System32\combase.dll
0x00007ff801720000 - 0x00007ff80174e000 	C:\Windows\SYSTEM32\Wldp.dll
0x00007ff802cb0000 - 0x00007ff802d7d000 	C:\Windows\System32\OLEAUT32.dll
0x00007ff8027f0000 - 0x00007ff80289d000 	C:\Windows\System32\SHCORE.dll
0x00007ff802f60000 - 0x00007ff802fb5000 	C:\Windows\System32\shlwapi.dll
0x00007ff801c30000 - 0x00007ff801c54000 	C:\Windows\SYSTEM32\profapi.dll
0x00007fffdb400000 - 0x00007fffdb419000 	C:\Program Files\Microsoft\jdk-17.0.11.9-hotspot\bin\net.dll
0x00007ffffa8d0000 - 0x00007ffffa9da000 	C:\Windows\SYSTEM32\WINHTTP.dll
0x00007ff801430000 - 0x00007ff80149a000 	C:\Windows\system32\mswsock.dll
0x00007fffd7420000 - 0x00007fffd7436000 	C:\Program Files\Microsoft\jdk-17.0.11.9-hotspot\bin\nio.dll
0x00007fffd5de0000 - 0x00007fffd5df8000 	C:\Program Files\Microsoft\jdk-17.0.11.9-hotspot\bin\zip.dll
0x00007fffe9e90000 - 0x00007fffe9ea0000 	C:\Program Files\Microsoft\jdk-17.0.11.9-hotspot\bin\verify.dll
0x00007fffcd540000 - 0x00007fffcd567000 	C:\Users\icarus\.gradle\native\c067742578af261105cb4f569cf0c3c89f3d7b1fecec35dd04571415982c5e48\windows-amd64\native-platform.dll
0x00007fffe49a0000 - 0x00007fffe49a9000 	C:\Program Files\Microsoft\jdk-17.0.11.9-hotspot\bin\management.dll
0x00007fffe2960000 - 0x00007fffe296b000 	C:\Program Files\Microsoft\jdk-17.0.11.9-hotspot\bin\management_ext.dll
0x00007ff802f50000 - 0x00007ff802f58000 	C:\Windows\System32\PSAPI.DLL
0x00007ff8015f0000 - 0x00007ff801608000 	C:\Windows\SYSTEM32\CRYPTSP.dll
0x00007ff800cf0000 - 0x00007ff800d24000 	C:\Windows\system32\rsaenh.dll
0x00007ff801be0000 - 0x00007ff801c0e000 	C:\Windows\SYSTEM32\USERENV.dll
0x00007ff8015e0000 - 0x00007ff8015ec000 	C:\Windows\SYSTEM32\CRYPTBASE.dll
0x00007ff8010d0000 - 0x00007ff80110b000 	C:\Windows\SYSTEM32\IPHLPAPI.DLL
0x00007ff803690000 - 0x00007ff803698000 	C:\Windows\System32\NSI.dll
0x00007ffffb0c0000 - 0x00007ffffb0d7000 	C:\Windows\SYSTEM32\dhcpcsvc6.DLL
0x00007ffffb520000 - 0x00007ffffb53d000 	C:\Windows\SYSTEM32\dhcpcsvc.DLL
0x00007ff801110000 - 0x00007ff8011da000 	C:\Windows\SYSTEM32\DNSAPI.dll
0x00007fffd8ee0000 - 0x00007fffd8ee9000 	C:\Program Files\Microsoft\jdk-17.0.11.9-hotspot\bin\extnet.dll

dbghelp: loaded successfully - version: 4.0.5 - missing functions: none
symbol engine: initialized successfully - sym options: 0x614 - pdb path: .;C:\Program Files\Microsoft\jdk-17.0.11.9-hotspot\bin;C:\Windows\SYSTEM32;C:\Windows\WinSxS\amd64_microsoft.windows.common-controls_6595b64144ccf1df_6.0.19041.4355_none_60b8b9eb71f62e16;C:\Program Files\Microsoft\jdk-17.0.11.9-hotspot\bin\server;C:\Users\icarus\.gradle\native\c067742578af261105cb4f569cf0c3c89f3d7b1fecec35dd04571415982c5e48\windows-amd64

VM Arguments:
jvm_args: -Xmx64m -Xms64m -Dorg.gradle.appname=gradlew 
java_command: org.gradle.wrapper.GradleWrapperMain app:installDebug -PreactNativeDevServerPort=8081
java_class_path (initial): C:\Users\icarus\Downloads\CaloTesting\SkeletonWebStormReactNative\android\\gradle\wrapper\gradle-wrapper.jar
Launcher Type: SUN_STANDARD

[Global flags]
     intx CICompilerCount                          = 4                                         {product} {ergonomic}
     uint ConcGCThreads                            = 3                                         {product} {ergonomic}
     uint G1ConcRefinementThreads                  = 10                                        {product} {ergonomic}
   size_t G1HeapRegionSize                         = 1048576                                   {product} {ergonomic}
    uintx GCDrainStackTargetSize                   = 64                                        {product} {ergonomic}
   size_t InitialHeapSize                          = 67108864                                  {product} {command line}
   size_t MarkStackSize                            = 4194304                                   {product} {ergonomic}
   size_t MaxHeapSize                              = 67108864                                  {product} {command line}
   size_t MaxNewSize                               = 39845888                                  {product} {ergonomic}
   size_t MinHeapDeltaBytes                        = 1048576                                   {product} {ergonomic}
   size_t MinHeapSize                              = 67108864                                  {product} {command line}
    uintx NonNMethodCodeHeapSize                   = 5839372                                {pd product} {ergonomic}
    uintx NonProfiledCodeHeapSize                  = 122909434                              {pd product} {ergonomic}
    uintx ProfiledCodeHeapSize                     = 122909434                              {pd product} {ergonomic}
    uintx ReservedCodeCacheSize                    = 251658240                              {pd product} {ergonomic}
     bool SegmentedCodeCache                       = true                                      {product} {ergonomic}
   size_t SoftMaxHeapSize                          = 67108864                               {manageable} {ergonomic}
     bool UseCompressedClassPointers               = true                           {product lp64_product} {ergonomic}
     bool UseCompressedOops                        = true                           {product lp64_product} {ergonomic}
     bool UseG1GC                                  = true                                      {product} {ergonomic}
     bool UseLargePagesIndividualAllocation        = false                                  {pd product} {ergonomic}

Logging:
Log output configuration:
 #0: stdout all=warning uptime,level,tags
 #1: stderr all=off uptime,level,tags

Environment Variables:
JAVA_HOME=C:\Program Files\Microsoft\jdk-17.0.11.9-hotspot\
CLASSPATH=C:\Users\icarus\Downloads\CaloTesting\SkeletonWebStormReactNative\android\\gradle\wrapper\gradle-wrapper.jar
PATH=C:\Users\icarus\Downloads\CaloTesting\SkeletonWebStormReactNative\node_modules\.bin;C:\Users\icarus\Downloads\CaloTesting\SkeletonWebStormReactNative\node_modules\.bin;C:\Users\icarus\Downloads\CaloTesting\node_modules\.bin;C:\Users\icarus\Downloads\node_modules\.bin;C:\Users\icarus\node_modules\.bin;C:\Users\node_modules\.bin;C:\node_modules\.bin;C:\Users\icarus\AppData\Roaming\npm\node_modules\npm\node_modules\@npmcli\run-script\lib\node-gyp-bin;C:\Program Files\Microsoft\jdk-17.0.11.9-hotspot\bin;C:\Program Files (x86)\Common Files\Oracle\Java\javapath;C:\Program Files\NVIDIA GPU Computing Toolkit\CUDA\v12.0\bin;C:\Program Files\NVIDIA GPU Computing Toolkit\CUDA\v12.0\libnvvp;C:\Program Files\Eclipse Foundation\jdk-11.0.12.7-hotspot\bin;C:\Program Files\AdoptOpenJDK\jre-11.0.11.9-hotspot\bin;C:\Windows\system32;C:\Windows;C:\Windows\System32\Wbem;C:\Windows\System32\WindowsPowerShell\v1.0\;C:\Windows\System32\OpenSSH\;C:\Program Files\NVIDIA Corporation\NVIDIA NvDLISR;C:\Program Files\Microsoft VS Code\bin;C:\Program Files (x86)\NVIDIA Corporation\PhysX\Common;C:\xampp\mysql\bin;C:\Program Files\MATLAB\R2021b\bin;C:\ProgramData\chocolatey\bin;C:\Program Files\Git\cmd;C:\Program Files\NVIDIA Corporation\Nsight Compute 2022.4.0\;C:\Program Files\Cloudflare\Cloudflare WARP\;C:\Users\icarus\AppData\Local\Programs\Python\Python311\Scripts;C:\Program Files\dotnet\;C:\Users\icarus\AppData\Roaming\nvm;C:\Program Files\nodejs;C:\Program Files\nodejs\;C:\Users\icarus\AppData\Local\Android\Sdk\platform-tools;C:\Users\icarus\AppData\Local\Microsoft\WindowsApps;C:\Users\icarus\AppData\Local\Programs\Python\Python311\Scripts;C:\Users\icarus\AppData\Roaming\nvm;C:\Program Files\nodejs;C:\Users\icarus\AppData\Local\Microsoft\WinGet\Links;C:\Users\icarus\AppData\Roaming\npm;C:\Users\icarus\AppData\Local\Android\Sdk\platform-tools;
USERNAME=icarus
OS=Windows_NT
PROCESSOR_IDENTIFIER=Intel64 Family 6 Model 158 Stepping 10, GenuineIntel
TMP=C:\Users\icarus\AppData\Local\Temp
TEMP=C:\Users\icarus\AppData\Local\Temp



Periodic native trim disabled


---------------  S Y S T E M  ---------------

OS:
 Windows 10 , 64 bit Build 19041 (10.0.19041.4597)
OS uptime: 3 days 8:44 hours
Hyper-V role detected

CPU: total 12 (initial active 12) (6 cores per cpu, 2 threads per core) family 6 model 158 stepping 10 microcode 0xb4, cx8, cmov, fxsr, ht, mmx, 3dnowpref, sse, sse2, sse3, ssse3, sse4.1, sse4.2, popcnt, lzcnt, tsc, tscinvbit, avx, avx2, aes, erms, clmul, bmi1, bmi2, adx, fma, vzeroupper, clflush, clflushopt, hv
Processor Information for all 12 processors :
  Max Mhz: 2201, Current Mhz: 2201, Mhz Limit: 2201

Memory: 4k page, system-wide physical 16227M (574M free)
TotalPageFile size 26059M (AvailPageFile size 919M)
current process WorkingSet (physical memory assigned to process): 87M, peak: 92M
current process commit charge ("private bytes"): 165M, peak: 169M

vm_info: OpenJDK 64-Bit Server VM (17.0.11+9-LTS) for windows-amd64 JRE (17.0.11+9-LTS), built on Apr  9 2024 22:05:54 by "MicrosoftCorporation" with MS VC++ 16.10 / 16.11 (VS2019)

END.
